c:\study\6 семестр\winapi\8\project2\wordcount\release\wordscount.obj
c:\study\6 семестр\winapi\8\project2\wordcount\release\main.obj
c:\study\6 семестр\winapi\8\project2\wordcount\release\vc110.pdb
c:\study\6 семестр\winapi\8\project2\release\wordscountdll.dll
c:\study\6 семестр\winapi\8\project2\release\wordscountdll.pdb
c:\study\6 семестр\winapi\8\project2\release\wordscountdll.lib
c:\study\6 семестр\winapi\8\project2\release\wordscountdll.exp
c:\users\александр\desktop\8\dynamicdll\wordcount\release\vc140.pdb
c:\users\александр\desktop\8\dynamicdll\wordcount\release\wordscount.obj
c:\users\александр\desktop\8\dynamicdll\wordcount\release\main.obj
c:\users\александр\desktop\8\dynamicdll\release\wordscountdll.dll
c:\users\александр\desktop\8\dynamicdll\release\wordscountdll.ipdb
c:\users\александр\desktop\8\dynamicdll\release\wordscountdll.iobj
c:\users\александр\desktop\8\dynamicdll\release\wordscountdll.pdb
c:\users\александр\desktop\8\dynamicdll\release\wordscountdll.lib
c:\users\александр\desktop\8\dynamicdll\release\wordscountdll.exp
c:\users\александр\desktop\8\dynamicdll\wordcount\release\cl.command.1.tlog
c:\users\александр\desktop\8\dynamicdll\wordcount\release\cl.read.1.tlog
c:\users\александр\desktop\8\dynamicdll\wordcount\release\cl.write.1.tlog
c:\users\александр\desktop\8\dynamicdll\wordcount\release\link-cvtres.read.1.tlog
c:\users\александр\desktop\8\dynamicdll\wordcount\release\link-cvtres.write.1.tlog
c:\users\александр\desktop\8\dynamicdll\wordcount\release\link-rc.read.1.tlog
c:\users\александр\desktop\8\dynamicdll\wordcount\release\link-rc.write.1.tlog
c:\users\александр\desktop\8\dynamicdll\wordcount\release\link.command.1.tlog
c:\users\александр\desktop\8\dynamicdll\wordcount\release\link.read.1.tlog
c:\users\александр\desktop\8\dynamicdll\wordcount\release\link.write.1.tlog
c:\users\александр\desktop\8\dynamicdll\wordcount\release\wordscountdll.write.1.tlog
c:\users\александр\desktop\8\dynamicdll\wordcount\release\vc110.pdb
c:\users\александр\desktop\8\dynamicdll\wordcount\release\wordscountdll.tlog\cl.command.1.tlog
c:\users\александр\desktop\8\dynamicdll\wordcount\release\wordscountdll.tlog\cl.read.1.tlog
c:\users\александр\desktop\8\dynamicdll\wordcount\release\wordscountdll.tlog\cl.write.1.tlog
c:\users\александр\desktop\8\dynamicdll\wordcount\release\wordscountdll.tlog\link.command.1.tlog
c:\users\александр\desktop\8\dynamicdll\wordcount\release\wordscountdll.tlog\link.read.1.tlog
c:\users\александр\desktop\8\dynamicdll\wordcount\release\wordscountdll.tlog\link.write.1.tlog
c:\users\александр\desktop\8\dynamicdll\wordcount\release\wordscountdll.tlog\wordscountdll.write.1u.tlog
