Build started 21.10.2015 2:12:13.
     1>Project "C:\Users\Александр\Desktop\8\dynamicDLL\WordCount\WordCount.vcxproj" on node 2 (Build target(s)).
     1>ClCompile:
         C:\Program Files (x86)\Microsoft Visual Studio 14.0\VC\bin\CL.exe /c /Zi /nologo /W3 /WX- /O2 /Oi /Oy- /GL /D _WINDLL /D _UNICODE /D UNICODE /Gm- /EHsc /MD /GS /Gy /fp:precise /Zc:wchar_t /Zc:forScope /Zc:inline /Fo"Release\\" /Fd"Release\vc140.pdb" /Gd /TP /analyze- /errorReport:prompt main.cpp wordsCount.cpp
         main.cpp
         wordsCount.cpp
     1>wordsCount.cpp(4): warning C4273: 'WordsCount': inconsistent dll linkage
         c:\users\александр\desktop\8\dynamicdll\wordcount\wordsCount.h(7): note: see previous definition of 'WordsCount'
       Link:
         C:\Program Files (x86)\Microsoft Visual Studio 14.0\VC\bin\link.exe /ERRORREPORT:PROMPT /OUT:"C:\Users\Александр\Desktop\8\dynamicDLL\Release\WordsCountDLL.dll" /NOLOGO kernel32.lib user32.lib gdi32.lib winspool.lib comdlg32.lib advapi32.lib shell32.lib ole32.lib oleaut32.lib uuid.lib odbc32.lib odbccp32.lib /MANIFEST /MANIFESTUAC:"level='asInvoker' uiAccess='false'" /manifest:embed /Debug /PDB:"C:\Users\Александр\Desktop\8\dynamicDLL\Release\WordsCountDLL.pdb" /OPT:REF /OPT:ICF /LTCG:incremental /TLBID:1 /DYNAMICBASE /NXCOMPAT /IMPLIB:"C:\Users\Александр\Desktop\8\dynamicDLL\Release\WordsCountDLL.lib" /MACHINE:X86 /SAFESEH /DLL Release\main.obj
         Release\wordsCount.obj
            Creating library C:\Users\Александр\Desktop\8\dynamicDLL\Release\WordsCountDLL.lib and object C:\Users\Александр\Desktop\8\dynamicDLL\Release\WordsCountDLL.exp
         Generating code
         0 of 2 functions ( 0.0%) were compiled, the rest were copied from previous compilation.
           0 functions were new in current compilation
           0 functions had inline decision re-evaluated but remain unchanged
         Finished generating code
         WordCount.vcxproj -> C:\Users\Александр\Desktop\8\dynamicDLL\Release\WordsCountDLL.dll
     1>Done Building Project "C:\Users\Александр\Desktop\8\dynamicDLL\WordCount\WordCount.vcxproj" (Build target(s)).

Build succeeded.

Time Elapsed 00:00:01.22
