C:\USERS\TOSHIK\DOCUMENTS\VISUAL STUDIO 2012\PROJECTS\PROJECT1\PROJECT1\DEBUG\ELLIPSEWINDOW.OBJ
C:\USERS\TOSHIK\DOCUMENTS\VISUAL STUDIO 2012\PROJECTS\PROJECT1\PROJECT1\DEBUG\SOURCE.OBJ
C:\USERS\TOSHIK\DOCUMENTS\VISUAL STUDIO 2012\PROJECTS\PROJECT1\PROJECT1\DEBUG\WINDOW.OBJ
C:\USERS\TOSHIK\DOCUMENTS\VISUAL STUDIO 2012\PROJECTS\PROJECT1\PROJECT1\DEBUG\VC110.PDB
C:\Users\Toshik\Documents\Visual Studio 2012\Projects\Project1\Project1\Debug\ellipseWindow.obj
C:\Users\Toshik\Documents\Visual Studio 2012\Projects\Project1\Project1\Debug\Source.obj
C:\Users\Toshik\Documents\Visual Studio 2012\Projects\Project1\Project1\Debug\Window.obj
C:\Users\Toshik\Documents\Visual Studio 2012\Projects\Project1\Project1\Debug\cl.command.1.tlog
C:\Users\Toshik\Documents\Visual Studio 2012\Projects\Project1\Project1\Debug\CL.read.1.tlog
C:\Users\Toshik\Documents\Visual Studio 2012\Projects\Project1\Project1\Debug\CL.write.1.tlog
C:\Users\Toshik\Documents\Visual Studio 2012\Projects\Project1\Project1\Debug\link-cvtres.read.1.tlog
C:\Users\Toshik\Documents\Visual Studio 2012\Projects\Project1\Project1\Debug\link-cvtres.write.1.tlog
C:\Users\Toshik\Documents\Visual Studio 2012\Projects\Project1\Project1\Debug\link-rc.read.1.tlog
C:\Users\Toshik\Documents\Visual Studio 2012\Projects\Project1\Project1\Debug\link-rc.write.1.tlog
C:\Users\Toshik\Documents\Visual Studio 2012\Projects\Project1\Project1\Debug\link.1720-cvtres.read.1.tlog
C:\Users\Toshik\Documents\Visual Studio 2012\Projects\Project1\Project1\Debug\link.1720-cvtres.write.1.tlog
C:\Users\Toshik\Documents\Visual Studio 2012\Projects\Project1\Project1\Debug\link.1720-rc.read.1.tlog
C:\Users\Toshik\Documents\Visual Studio 2012\Projects\Project1\Project1\Debug\link.1720-rc.write.1.tlog
C:\Users\Toshik\Documents\Visual Studio 2012\Projects\Project1\Project1\Debug\link.1720.read.1.tlog
C:\Users\Toshik\Documents\Visual Studio 2012\Projects\Project1\Project1\Debug\link.1720.write.1.tlog
C:\Users\Toshik\Documents\Visual Studio 2012\Projects\Project1\Project1\Debug\link.command.1.tlog
C:\Users\Toshik\Documents\Visual Studio 2012\Projects\Project1\Project1\Debug\link.read.1.tlog
C:\Users\Toshik\Documents\Visual Studio 2012\Projects\Project1\Project1\Debug\link.write.1.tlog
C:\Users\Toshik\Documents\Visual Studio 2012\Projects\Project1\Project1\Debug\vc110.idb
C:\Users\Toshik\Documents\Visual Studio 2012\Projects\Project1\Project1\Debug\vc110.pdb
C:\Users\Toshik\Documents\Visual Studio 2012\Projects\Project1\Debug\Project1.pdb
