c:\study\6 семестр\winapi\3\project1\project1\release\ellipsewindow.obj
c:\study\6 семестр\winapi\3\project1\project1\release\overlappedwindow.obj
c:\study\6 семестр\winapi\3\project1\project1\release\main.obj
c:\study\6 семестр\winapi\3\project1\project1\release\ellipse.obj
c:\study\6 семестр\winapi\3\project1\project1\release\vc110.pdb
c:\study\6 семестр\winapi\4\project\project1\release\overlappedwindow.obj
c:\study\6 семестр\winapi\4\project\project1\release\main.obj
c:\study\6 семестр\winapi\4\project\project1\release\vc110.pdb
c:\study\6 семестр\winapi\5\project\project1\release\overlappedwindow.obj
c:\study\6 семестр\winapi\5\project\project1\release\main.obj
c:\study\6 семестр\winapi\5\project\project1\release\vc110.pdb
c:\study\6 семестр\winapi\6\project\project1\release\windowsettings.obj
c:\study\6 семестр\winapi\6\project\project1\release\overlappedwindow.obj
c:\study\6 семестр\winapi\6\project\project1\release\main.obj
c:\study\6 семестр\winapi\6\project\project1\release\vc110.pdb
c:\study\6 семестр\winapi\8\project2\project1\release\main.obj
c:\study\6 семестр\winapi\8\project2\project1\release\windowsettings.obj
c:\study\6 семестр\winapi\8\project2\project1\release\overlappedwindow.obj
c:\study\6 семестр\winapi\8\project2\project1\release\vc110.pdb
c:\study\6 семестр\winapi\3\project1\release\project1.exe
c:\study\6 семестр\winapi\3\project1\release\project1.pdb
c:\study\6 семестр\winapi\4\project\release\project1.exe
c:\study\6 семестр\winapi\4\project\release\project1.pdb
c:\study\6 семестр\winapi\5\project\release\project1.exe
c:\study\6 семестр\winapi\5\project\release\project1.pdb
c:\study\6 семестр\winapi\6\project\release\project1.exe
c:\study\6 семестр\winapi\6\project\release\project1.pdb
c:\study\6 семестр\winapi\8\project2\release\project1.exe
c:\study\6 семестр\winapi\8\project2\release\project1.pdb
c:\study\6 семестр\winapi\5\project\project1\release\project1.res
c:\study\6 семестр\winapi\6\project\project1\release\project1.res
c:\study\6 семестр\winapi\8\project2\project1\release\project1.res
c:\users\александр\desktop\8\dynamicdll\project1\release\vc140.pdb
c:\users\александр\desktop\8\dynamicdll\project1\release\windowsettings.obj
c:\users\александр\desktop\8\dynamicdll\project1\release\overlappedwindow.obj
c:\users\александр\desktop\8\dynamicdll\project1\release\main.obj
c:\users\александр\desktop\8\dynamicdll\release\project1.exe
c:\users\александр\desktop\8\dynamicdll\release\project1.ipdb
c:\users\александр\desktop\8\dynamicdll\release\project1.iobj
c:\users\александр\desktop\8\dynamicdll\release\project1.pdb
c:\users\александр\desktop\8\dynamicdll\project1\release\project1.res
c:\users\александр\desktop\8\dynamicdll\project1\release\project1.vcxprojresolveassemblyreference.cache
c:\users\александр\desktop\8\dynamicdll\project1\release\ellipse.obj
c:\users\александр\desktop\8\dynamicdll\project1\release\ellipsewindow.obj
c:\users\александр\desktop\8\dynamicdll\project1\release\cl.command.1.tlog
c:\users\александр\desktop\8\dynamicdll\project1\release\cl.read.1.tlog
c:\users\александр\desktop\8\dynamicdll\project1\release\cl.write.1.tlog
c:\users\александр\desktop\8\dynamicdll\project1\release\link-cvtres.read.1.tlog
c:\users\александр\desktop\8\dynamicdll\project1\release\link-cvtres.write.1.tlog
c:\users\александр\desktop\8\dynamicdll\project1\release\link-rc.read.1.tlog
c:\users\александр\desktop\8\dynamicdll\project1\release\link-rc.write.1.tlog
c:\users\александр\desktop\8\dynamicdll\project1\release\link.command.1.tlog
c:\users\александр\desktop\8\dynamicdll\project1\release\link.read.1.tlog
c:\users\александр\desktop\8\dynamicdll\project1\release\link.write.1.tlog
c:\users\александр\desktop\8\dynamicdll\project1\release\rc.command.1.tlog
c:\users\александр\desktop\8\dynamicdll\project1\release\rc.read.1.tlog
c:\users\александр\desktop\8\dynamicdll\project1\release\rc.write.1.tlog
c:\users\александр\desktop\8\dynamicdll\project1\release\vc110.pdb
c:\users\александр\desktop\8\dynamicdll\project1\release\project1.tlog\cl.command.1.tlog
c:\users\александр\desktop\8\dynamicdll\project1\release\project1.tlog\cl.read.1.tlog
c:\users\александр\desktop\8\dynamicdll\project1\release\project1.tlog\cl.write.1.tlog
c:\users\александр\desktop\8\dynamicdll\project1\release\project1.tlog\link.command.1.tlog
c:\users\александр\desktop\8\dynamicdll\project1\release\project1.tlog\link.read.1.tlog
c:\users\александр\desktop\8\dynamicdll\project1\release\project1.tlog\link.write.1.tlog
c:\users\александр\desktop\8\dynamicdll\project1\release\project1.tlog\rc.command.1.tlog
c:\users\александр\desktop\8\dynamicdll\project1\release\project1.tlog\rc.read.1.tlog
c:\users\александр\desktop\8\dynamicdll\project1\release\project1.tlog\rc.write.1.tlog
