c:\users\александр\desktop\arcomage\project\project1\release\vc140.pdb
c:\users\александр\desktop\arcomage\project\project1\release\utils.obj
c:\users\александр\desktop\arcomage\project\project1\release\settings.obj
c:\users\александр\desktop\arcomage\project\project1\release\playerwindow.obj
c:\users\александр\desktop\arcomage\project\project1\release\playerstate.obj
c:\users\александр\desktop\arcomage\project\project1\release\playerinterfacewindow.obj
c:\users\александр\desktop\arcomage\project\project1\release\playerhandstate.obj
c:\users\александр\desktop\arcomage\project\project1\release\gamewindow.obj
c:\users\александр\desktop\arcomage\project\project1\release\main.obj
c:\users\александр\desktop\arcomage\project\project1\release\logwindow.obj
c:\users\александр\desktop\arcomage\project\project1\release\cardsdeckstate.obj
c:\users\александр\desktop\arcomage\project\project1\release\cardinhandwindow.obj
c:\users\александр\desktop\arcomage\project\project1\release\cardinhandstate.obj
c:\users\александр\desktop\arcomage\project\project1\release\aiplayer.obj
c:\users\александр\desktop\arcomage\project\release\project1.exe
c:\users\александр\desktop\arcomage\project\release\project1.ipdb
c:\users\александр\desktop\arcomage\project\release\project1.iobj
c:\users\александр\desktop\arcomage\project\release\project1.pdb
c:\users\александр\desktop\arcomage\project\project1\release\project1.res
c:\users\александр\desktop\arcomage\project\project1\release\project1.tlog\cl.command.1.tlog
c:\users\александр\desktop\arcomage\project\project1\release\project1.tlog\cl.read.1.tlog
c:\users\александр\desktop\arcomage\project\project1\release\project1.tlog\cl.write.1.tlog
c:\users\александр\desktop\arcomage\project\project1\release\project1.tlog\link.command.1.tlog
c:\users\александр\desktop\arcomage\project\project1\release\project1.tlog\link.read.1.tlog
c:\users\александр\desktop\arcomage\project\project1\release\project1.tlog\link.write.1.tlog
c:\users\александр\desktop\arcomage\project\project1\release\project1.tlog\rc.command.1.tlog
c:\users\александр\desktop\arcomage\project\project1\release\project1.tlog\rc.read.1.tlog
c:\users\александр\desktop\arcomage\project\project1\release\project1.tlog\rc.write.1.tlog
