Build started 03.06.2015 4:39:23.
     1>Project "C:\study\6 семестр\WinAPI\Arcomage\Project\Project1\Project1.vcxproj" on node 2 (Build target(s)).
     1>ClCompile:
         C:\Program Files (x86)\Microsoft Visual Studio 11.0\VC\bin\CL.exe /c /Zi /nologo /W3 /WX- /O2 /Oi /Oy- /GL /D _UNICODE /D UNICODE /Gm- /EHsc /MD /GS /Gy /fp:precise /Zc:wchar_t /Zc:forScope /Fo"Release\\" /Fd"Release\vc110.pdb" /Gd /TP /analyze- /errorReport:prompt cardInHandWindow.cpp
         cardInHandWindow.cpp
       Link:
         C:\Program Files (x86)\Microsoft Visual Studio 11.0\VC\bin\link.exe /ERRORREPORT:PROMPT /OUT:"C:\study\6 семестр\WinAPI\Arcomage\Project\Release\Project1.exe" /NOLOGO kernel32.lib user32.lib gdi32.lib winspool.lib comdlg32.lib advapi32.lib shell32.lib ole32.lib oleaut32.lib uuid.lib odbc32.lib odbccp32.lib /MANIFEST /MANIFESTUAC:"level='asInvoker' uiAccess='false'" /manifest:embed /DEBUG /PDB:"C:\study\6 семестр\WinAPI\Arcomage\Project\Release\Project1.pdb" /OPT:REF /OPT:ICF /LTCG /TLBID:1 /DYNAMICBASE /NXCOMPAT /IMPLIB:"C:\study\6 семестр\WinAPI\Arcomage\Project\Release\Project1.lib" /MACHINE:X86 /SAFESEH Release\Project1.res
         Release\AIPlayer.obj
         Release\cardInHandState.obj
         Release\cardInHandWindow.obj
         Release\cardsDeckState.obj
         Release\logWindow.obj
         Release\main.obj
         Release\gameWindow.obj
         Release\playerHandState.obj
         Release\playerInterfaceWindow.obj
         Release\playerState.obj
         Release\playerWindow.obj
         Release\settings.obj
         Release\utils.obj
         Generating code
         Finished generating code
         Project1.vcxproj -> C:\study\6 семестр\WinAPI\Arcomage\Project\Release\Project1.exe
     1>Done Building Project "C:\study\6 семестр\WinAPI\Arcomage\Project\Project1\Project1.vcxproj" (Build target(s)).

Build succeeded.

Time Elapsed 00:00:07.45
