c:\study\6 семестр\winapi\3\project1\project1\release\ellipsewindow.obj
c:\study\6 семестр\winapi\3\project1\project1\release\overlappedwindow.obj
c:\study\6 семестр\winapi\3\project1\project1\release\main.obj
c:\study\6 семестр\winapi\3\project1\project1\release\ellipse.obj
c:\study\6 семестр\winapi\3\project1\project1\release\vc110.pdb
c:\study\6 семестр\winapi\3\project1\release\project1.exe
c:\study\6 семестр\winapi\3\project1\release\project1.pdb
c:\users\александр\desktop\3\project1\project1\release\ellipse.obj
c:\users\александр\desktop\3\project1\project1\release\ellipsewindow.obj
c:\users\александр\desktop\3\project1\project1\release\main.obj
c:\users\александр\desktop\3\project1\project1\release\overlappedwindow.obj
c:\users\александр\desktop\3\project1\project1\release\cl.command.1.tlog
c:\users\александр\desktop\3\project1\project1\release\cl.read.1.tlog
c:\users\александр\desktop\3\project1\project1\release\cl.write.1.tlog
c:\users\александр\desktop\3\project1\project1\release\link-cvtres.read.1.tlog
c:\users\александр\desktop\3\project1\project1\release\link-cvtres.write.1.tlog
c:\users\александр\desktop\3\project1\project1\release\link-rc.read.1.tlog
c:\users\александр\desktop\3\project1\project1\release\link-rc.write.1.tlog
c:\users\александр\desktop\3\project1\project1\release\link.command.1.tlog
c:\users\александр\desktop\3\project1\project1\release\link.read.1.tlog
c:\users\александр\desktop\3\project1\project1\release\link.write.1.tlog
c:\users\александр\desktop\3\project1\project1\release\vc110.pdb
c:\users\александр\desktop\3\project1\release\project1.pdb
c:\users\александр\desktop\3\project1\release\project1.exe
