c:\users\александр\desktop\arcomage\project\project1\debug\vc140.pdb
c:\users\александр\desktop\arcomage\project\project1\debug\vc140.idb
c:\users\александр\desktop\arcomage\project\project1\debug\aiplayer.obj
c:\users\александр\desktop\arcomage\project\project1\debug\cardinhandstate.obj
c:\users\александр\desktop\arcomage\project\project1\debug\cardinhandwindow.obj
c:\users\александр\desktop\arcomage\project\project1\debug\cardsdeckstate.obj
c:\users\александр\desktop\arcomage\project\project1\debug\logwindow.obj
c:\users\александр\desktop\arcomage\project\project1\debug\main.obj
c:\users\александр\desktop\arcomage\project\project1\debug\gamewindow.obj
c:\users\александр\desktop\arcomage\project\project1\debug\playerhandstate.obj
c:\users\александр\desktop\arcomage\project\project1\debug\playerinterfacewindow.obj
c:\users\александр\desktop\arcomage\project\project1\debug\playerstate.obj
c:\users\александр\desktop\arcomage\project\project1\debug\playerwindow.obj
c:\users\александр\desktop\arcomage\project\project1\debug\settings.obj
c:\users\александр\desktop\arcomage\project\project1\debug\utils.obj
c:\users\александр\desktop\arcomage\project\debug\project1.ilk
c:\users\александр\desktop\arcomage\project\debug\project1.exe
c:\users\александр\desktop\arcomage\project\debug\project1.pdb
c:\users\александр\desktop\arcomage\project\project1\debug\project1.res
c:\users\александр\desktop\arcomage\project\project1\debug\project1.tlog\cl.command.1.tlog
c:\users\александр\desktop\arcomage\project\project1\debug\project1.tlog\cl.read.1.tlog
c:\users\александр\desktop\arcomage\project\project1\debug\project1.tlog\cl.write.1.tlog
c:\users\александр\desktop\arcomage\project\project1\debug\project1.tlog\link.command.1.tlog
c:\users\александр\desktop\arcomage\project\project1\debug\project1.tlog\link.read.1.tlog
c:\users\александр\desktop\arcomage\project\project1\debug\project1.tlog\link.write.1.tlog
c:\users\александр\desktop\arcomage\project\project1\debug\project1.tlog\rc.command.1.tlog
c:\users\александр\desktop\arcomage\project\project1\debug\project1.tlog\rc.read.1.tlog
c:\users\александр\desktop\arcomage\project\project1\debug\project1.tlog\rc.write.1.tlog
